[2022-06-03 01:58:17,923] {taskinstance.py:1160} INFO - Dependencies all met for <TaskInstance: nyc_bus_breakdown_pipeline.processing_data manual__2022-06-03T01:58:10.884117+00:00 [queued]>
[2022-06-03 01:58:17,948] {taskinstance.py:1160} INFO - Dependencies all met for <TaskInstance: nyc_bus_breakdown_pipeline.processing_data manual__2022-06-03T01:58:10.884117+00:00 [queued]>
[2022-06-03 01:58:17,949] {taskinstance.py:1357} INFO - 
--------------------------------------------------------------------------------
[2022-06-03 01:58:17,952] {taskinstance.py:1358} INFO - Starting attempt 1 of 2
[2022-06-03 01:58:17,952] {taskinstance.py:1359} INFO - 
--------------------------------------------------------------------------------
[2022-06-03 01:58:17,988] {taskinstance.py:1378} INFO - Executing <Task(PythonOperator): processing_data> on 2022-06-03 01:58:10.884117+00:00
[2022-06-03 01:58:17,996] {standard_task_runner.py:52} INFO - Started process 432 to run task
[2022-06-03 01:58:18,003] {standard_task_runner.py:79} INFO - Running: ['***', 'tasks', 'run', 'nyc_bus_breakdown_pipeline', 'processing_data', 'manual__2022-06-03T01:58:10.884117+00:00', '--job-id', '122', '--raw', '--subdir', 'DAGS_FOLDER/nycbus_etl.py', '--cfg-path', '/tmp/tmpah67kx8v', '--error-file', '/tmp/tmppth5x4z2']
[2022-06-03 01:58:18,004] {standard_task_runner.py:80} INFO - Job 122: Subtask processing_data
[2022-06-03 01:58:18,127] {task_command.py:370} INFO - Running <TaskInstance: nyc_bus_breakdown_pipeline.processing_data manual__2022-06-03T01:58:10.884117+00:00 [running]> on host b7655f13eea6
[2022-06-03 01:58:18,288] {taskinstance.py:1572} INFO - Exporting the following env vars:
AIRFLOW_CTX_DAG_EMAIL=***@example.com
AIRFLOW_CTX_DAG_OWNER=***
AIRFLOW_CTX_DAG_ID=nyc_bus_breakdown_pipeline
AIRFLOW_CTX_TASK_ID=processing_data
AIRFLOW_CTX_EXECUTION_DATE=2022-06-03T01:58:10.884117+00:00
AIRFLOW_CTX_TRY_NUMBER=1
AIRFLOW_CTX_DAG_RUN_ID=manual__2022-06-03T01:58:10.884117+00:00
[2022-06-03 01:58:19,724] {base.py:68} INFO - Using connection ID 's3_conn' for task execution.
[2022-06-03 01:58:19,726] {base_aws.py:210} INFO - Credentials retrieved from extra_config
[2022-06-03 01:58:21,708] {python.py:173} INFO - Done. Returned value was: None
[2022-06-03 01:58:21,749] {taskinstance.py:1401} INFO - Marking task as SUCCESS. dag_id=nyc_bus_breakdown_pipeline, task_id=processing_data, execution_date=20220603T015810, start_date=20220603T015817, end_date=20220603T015821
[2022-06-03 01:58:21,834] {local_task_job.py:156} INFO - Task exited with return code 0
[2022-06-03 01:58:21,912] {local_task_job.py:273} INFO - 1 downstream tasks scheduled from follow-on schedule check
