[2022-06-03 19:34:02,334] {taskinstance.py:1160} INFO - Dependencies all met for <TaskInstance: nyc_bus_breakdown_pipeline.processing_data manual__2022-06-03T19:33:55.081699+00:00 [queued]>
[2022-06-03 19:34:02,349] {taskinstance.py:1160} INFO - Dependencies all met for <TaskInstance: nyc_bus_breakdown_pipeline.processing_data manual__2022-06-03T19:33:55.081699+00:00 [queued]>
[2022-06-03 19:34:02,349] {taskinstance.py:1357} INFO - 
--------------------------------------------------------------------------------
[2022-06-03 19:34:02,350] {taskinstance.py:1358} INFO - Starting attempt 1 of 2
[2022-06-03 19:34:02,350] {taskinstance.py:1359} INFO - 
--------------------------------------------------------------------------------
[2022-06-03 19:34:02,367] {taskinstance.py:1378} INFO - Executing <Task(PythonOperator): processing_data> on 2022-06-03 19:33:55.081699+00:00
[2022-06-03 19:34:02,373] {standard_task_runner.py:52} INFO - Started process 147 to run task
[2022-06-03 19:34:02,376] {standard_task_runner.py:79} INFO - Running: ['***', 'tasks', 'run', 'nyc_bus_breakdown_pipeline', 'processing_data', 'manual__2022-06-03T19:33:55.081699+00:00', '--job-id', '369', '--raw', '--subdir', 'DAGS_FOLDER/nycbus_etl.py', '--cfg-path', '/tmp/tmpt_7dnkel', '--error-file', '/tmp/tmpgbuck3y6']
[2022-06-03 19:34:02,378] {standard_task_runner.py:80} INFO - Job 369: Subtask processing_data
[2022-06-03 19:34:02,448] {task_command.py:370} INFO - Running <TaskInstance: nyc_bus_breakdown_pipeline.processing_data manual__2022-06-03T19:33:55.081699+00:00 [running]> on host 3b2e07cb0f3f
[2022-06-03 19:34:02,788] {taskinstance.py:1572} INFO - Exporting the following env vars:
AIRFLOW_CTX_DAG_EMAIL=***@example.com
AIRFLOW_CTX_DAG_OWNER=***
AIRFLOW_CTX_DAG_ID=nyc_bus_breakdown_pipeline
AIRFLOW_CTX_TASK_ID=processing_data
AIRFLOW_CTX_EXECUTION_DATE=2022-06-03T19:33:55.081699+00:00
AIRFLOW_CTX_TRY_NUMBER=1
AIRFLOW_CTX_DAG_RUN_ID=manual__2022-06-03T19:33:55.081699+00:00
[2022-06-03 19:34:03,959] {base.py:68} INFO - Using connection ID 's3_conn' for task execution.
[2022-06-03 19:34:03,961] {base_aws.py:210} INFO - Credentials retrieved from extra_config
[2022-06-03 19:34:05,567] {python.py:173} INFO - Done. Returned value was: None
[2022-06-03 19:34:05,590] {taskinstance.py:1401} INFO - Marking task as SUCCESS. dag_id=nyc_bus_breakdown_pipeline, task_id=processing_data, execution_date=20220603T193355, start_date=20220603T193402, end_date=20220603T193405
[2022-06-03 19:34:05,641] {local_task_job.py:156} INFO - Task exited with return code 0
[2022-06-03 19:34:05,691] {local_task_job.py:273} INFO - 0 downstream tasks scheduled from follow-on schedule check
