[2022-06-03 19:31:34,681] {taskinstance.py:1160} INFO - Dependencies all met for <TaskInstance: nyc_bus_breakdown_pipeline.send_email_report manual__2022-06-03T19:31:21.409660+00:00 [queued]>
[2022-06-03 19:31:34,692] {taskinstance.py:1160} INFO - Dependencies all met for <TaskInstance: nyc_bus_breakdown_pipeline.send_email_report manual__2022-06-03T19:31:21.409660+00:00 [queued]>
[2022-06-03 19:31:34,693] {taskinstance.py:1357} INFO - 
--------------------------------------------------------------------------------
[2022-06-03 19:31:34,693] {taskinstance.py:1358} INFO - Starting attempt 2 of 2
[2022-06-03 19:31:34,694] {taskinstance.py:1359} INFO - 
--------------------------------------------------------------------------------
[2022-06-03 19:31:34,709] {taskinstance.py:1378} INFO - Executing <Task(PythonOperator): send_email_report> on 2022-06-03 19:31:21.409660+00:00
[2022-06-03 19:31:34,714] {standard_task_runner.py:52} INFO - Started process 870 to run task
[2022-06-03 19:31:34,720] {standard_task_runner.py:79} INFO - Running: ['***', 'tasks', 'run', 'nyc_bus_breakdown_pipeline', 'send_email_report', 'manual__2022-06-03T19:31:21.409660+00:00', '--job-id', '340', '--raw', '--subdir', 'DAGS_FOLDER/nycbus_etl.py', '--cfg-path', '/tmp/tmpcao3ac8e', '--error-file', '/tmp/tmp8nvy3b9v']
[2022-06-03 19:31:34,721] {standard_task_runner.py:80} INFO - Job 340: Subtask send_email_report
[2022-06-03 19:31:34,783] {task_command.py:370} INFO - Running <TaskInstance: nyc_bus_breakdown_pipeline.send_email_report manual__2022-06-03T19:31:21.409660+00:00 [running]> on host d31a31117917
[2022-06-03 19:31:35,025] {taskinstance.py:1572} INFO - Exporting the following env vars:
AIRFLOW_CTX_DAG_EMAIL=***@example.com
AIRFLOW_CTX_DAG_OWNER=***
AIRFLOW_CTX_DAG_ID=nyc_bus_breakdown_pipeline
AIRFLOW_CTX_TASK_ID=send_email_report
AIRFLOW_CTX_EXECUTION_DATE=2022-06-03T19:31:21.409660+00:00
AIRFLOW_CTX_TRY_NUMBER=2
AIRFLOW_CTX_DAG_RUN_ID=manual__2022-06-03T19:31:21.409660+00:00
[2022-06-03 19:31:35,448] {base.py:68} INFO - Using connection ID 'email_conn' for task execution.
[2022-06-03 19:31:35,449] {email.py:228} INFO - Email alerting: attempt 1
[2022-06-03 19:31:35,732] {taskinstance.py:1890} ERROR - Task failed with exception
Traceback (most recent call last):
  File "/home/airflow/.local/lib/python3.7/site-packages/airflow/operators/python.py", line 171, in execute
    return_value = self.execute_callable()
  File "/home/airflow/.local/lib/python3.7/site-packages/airflow/operators/python.py", line 189, in execute_callable
    return self.python_callable(*self.op_args, **self.op_kwargs)
  File "/opt/airflow/dags/etls/email_reports.py", line 14, in email_callback
    conn_id='email_conn'
  File "/home/airflow/.local/lib/python3.7/site-packages/airflow/utils/email.py", line 71, in send_email
    **kwargs,
  File "/home/airflow/.local/lib/python3.7/site-packages/airflow/utils/email.py", line 119, in send_email_smtp
    send_mime_email(e_from=mail_from, e_to=recipients, mime_msg=msg, conn_id=conn_id, dryrun=dryrun)
  File "/home/airflow/.local/lib/python3.7/site-packages/airflow/utils/email.py", line 239, in send_mime_email
    smtp_conn.login(smtp_user, smtp_password)
  File "/usr/local/lib/python3.7/smtplib.py", line 726, in login
    initial_response_ok=initial_response_ok)
  File "/usr/local/lib/python3.7/smtplib.py", line 636, in auth
    (code, resp) = self.docmd("AUTH", mechanism + " " + response)
  File "/usr/local/lib/python3.7/smtplib.py", line 426, in docmd
    return self.getreply()
  File "/usr/local/lib/python3.7/smtplib.py", line 399, in getreply
    raise SMTPServerDisconnected("Connection unexpectedly closed")
smtplib.SMTPServerDisconnected: Connection unexpectedly closed
[2022-06-03 19:31:35,752] {taskinstance.py:1401} INFO - Marking task as FAILED. dag_id=nyc_bus_breakdown_pipeline, task_id=send_email_report, execution_date=20220603T193121, start_date=20220603T193134, end_date=20220603T193135
[2022-06-03 19:31:35,776] {standard_task_runner.py:97} ERROR - Failed to execute job 340 for task send_email_report (Connection unexpectedly closed; 870)
[2022-06-03 19:31:35,815] {local_task_job.py:156} INFO - Task exited with return code 1
[2022-06-03 19:31:35,868] {local_task_job.py:273} INFO - 0 downstream tasks scheduled from follow-on schedule check
