[2022-06-03 18:06:04,635] {taskinstance.py:1160} INFO - Dependencies all met for <TaskInstance: nyc_bus_breakdown_pipeline.processing_data scheduled__2022-05-27T18:05:57.584747+00:00 [queued]>
[2022-06-03 18:06:04,646] {taskinstance.py:1160} INFO - Dependencies all met for <TaskInstance: nyc_bus_breakdown_pipeline.processing_data scheduled__2022-05-27T18:05:57.584747+00:00 [queued]>
[2022-06-03 18:06:04,647] {taskinstance.py:1357} INFO - 
--------------------------------------------------------------------------------
[2022-06-03 18:06:04,648] {taskinstance.py:1358} INFO - Starting attempt 1 of 2
[2022-06-03 18:06:04,648] {taskinstance.py:1359} INFO - 
--------------------------------------------------------------------------------
[2022-06-03 18:06:04,664] {taskinstance.py:1378} INFO - Executing <Task(PythonOperator): processing_data> on 2022-05-27 18:05:57.584747+00:00
[2022-06-03 18:06:04,670] {standard_task_runner.py:52} INFO - Started process 2606 to run task
[2022-06-03 18:06:04,675] {standard_task_runner.py:79} INFO - Running: ['***', 'tasks', 'run', 'nyc_bus_breakdown_pipeline', 'processing_data', 'scheduled__2022-05-27T18:05:57.584747+00:00', '--job-id', '162', '--raw', '--subdir', 'DAGS_FOLDER/nycbus_etl.py', '--cfg-path', '/tmp/tmp4pevvnn2', '--error-file', '/tmp/tmpxg1lke19']
[2022-06-03 18:06:04,676] {standard_task_runner.py:80} INFO - Job 162: Subtask processing_data
[2022-06-03 18:06:04,733] {task_command.py:370} INFO - Running <TaskInstance: nyc_bus_breakdown_pipeline.processing_data scheduled__2022-05-27T18:05:57.584747+00:00 [running]> on host 9212bd95e1cf
[2022-06-03 18:06:04,980] {taskinstance.py:1572} INFO - Exporting the following env vars:
AIRFLOW_CTX_DAG_EMAIL=***@example.com
AIRFLOW_CTX_DAG_OWNER=***
AIRFLOW_CTX_DAG_ID=nyc_bus_breakdown_pipeline
AIRFLOW_CTX_TASK_ID=processing_data
AIRFLOW_CTX_EXECUTION_DATE=2022-05-27T18:05:57.584747+00:00
AIRFLOW_CTX_TRY_NUMBER=1
AIRFLOW_CTX_DAG_RUN_ID=scheduled__2022-05-27T18:05:57.584747+00:00
[2022-06-03 18:06:05,848] {base.py:68} INFO - Using connection ID 's3_conn' for task execution.
[2022-06-03 18:06:05,850] {base_aws.py:210} INFO - Credentials retrieved from extra_config
[2022-06-03 18:06:07,660] {python.py:173} INFO - Done. Returned value was: None
[2022-06-03 18:06:07,693] {taskinstance.py:1401} INFO - Marking task as SUCCESS. dag_id=nyc_bus_breakdown_pipeline, task_id=processing_data, execution_date=20220527T180557, start_date=20220603T180604, end_date=20220603T180607
[2022-06-03 18:06:07,782] {local_task_job.py:156} INFO - Task exited with return code 0
[2022-06-03 18:06:07,836] {local_task_job.py:273} INFO - 1 downstream tasks scheduled from follow-on schedule check
