[2022-06-02 23:43:21,601] {taskinstance.py:1160} INFO - Dependencies all met for <TaskInstance: nyc_bus_breakdown_pipeline.load_data manual__2022-06-02T23:43:10.666585+00:00 [queued]>
[2022-06-02 23:43:21,613] {taskinstance.py:1160} INFO - Dependencies all met for <TaskInstance: nyc_bus_breakdown_pipeline.load_data manual__2022-06-02T23:43:10.666585+00:00 [queued]>
[2022-06-02 23:43:21,613] {taskinstance.py:1357} INFO - 
--------------------------------------------------------------------------------
[2022-06-02 23:43:21,614] {taskinstance.py:1358} INFO - Starting attempt 1 of 2
[2022-06-02 23:43:21,614] {taskinstance.py:1359} INFO - 
--------------------------------------------------------------------------------
[2022-06-02 23:43:21,631] {taskinstance.py:1378} INFO - Executing <Task(PythonOperator): load_data> on 2022-06-02 23:43:10.666585+00:00
[2022-06-02 23:43:21,637] {standard_task_runner.py:52} INFO - Started process 2044 to run task
[2022-06-02 23:43:21,642] {standard_task_runner.py:79} INFO - Running: ['***', 'tasks', 'run', 'nyc_bus_breakdown_pipeline', 'load_data', 'manual__2022-06-02T23:43:10.666585+00:00', '--job-id', '111', '--raw', '--subdir', 'DAGS_FOLDER/nycbus_etl.py', '--cfg-path', '/tmp/tmpne1jk9ir', '--error-file', '/tmp/tmpq4weh4w2']
[2022-06-02 23:43:21,643] {standard_task_runner.py:80} INFO - Job 111: Subtask load_data
[2022-06-02 23:43:21,709] {task_command.py:370} INFO - Running <TaskInstance: nyc_bus_breakdown_pipeline.load_data manual__2022-06-02T23:43:10.666585+00:00 [running]> on host 8e84f5cf889f
[2022-06-02 23:43:21,795] {taskinstance.py:1572} INFO - Exporting the following env vars:
AIRFLOW_CTX_DAG_EMAIL=***@example.com
AIRFLOW_CTX_DAG_OWNER=***
AIRFLOW_CTX_DAG_ID=nyc_bus_breakdown_pipeline
AIRFLOW_CTX_TASK_ID=load_data
AIRFLOW_CTX_EXECUTION_DATE=2022-06-02T23:43:10.666585+00:00
AIRFLOW_CTX_TRY_NUMBER=1
AIRFLOW_CTX_DAG_RUN_ID=manual__2022-06-02T23:43:10.666585+00:00
[2022-06-02 23:43:21,797] {s3.py:861} INFO - Downloading source S3 file from Bucket nycsbus-*** with path 22_bus_data.csv
[2022-06-02 23:43:21,953] {base.py:68} INFO - Using connection ID 's3_conn' for task execution.
[2022-06-02 23:43:21,955] {base_aws.py:210} INFO - Credentials retrieved from extra_config
[2022-06-02 23:43:22,565] {python.py:173} INFO - Done. Returned value was: None
[2022-06-02 23:43:22,584] {taskinstance.py:1401} INFO - Marking task as SUCCESS. dag_id=nyc_bus_breakdown_pipeline, task_id=load_data, execution_date=20220602T234310, start_date=20220602T234321, end_date=20220602T234322
[2022-06-02 23:43:22,618] {local_task_job.py:156} INFO - Task exited with return code 0
[2022-06-02 23:43:22,668] {local_task_job.py:273} INFO - 0 downstream tasks scheduled from follow-on schedule check
