[2022-06-03 16:21:27,270] {taskinstance.py:1160} INFO - Dependencies all met for <TaskInstance: nyc_bus_breakdown_pipeline.create_table manual__2022-06-03T16:21:16.955922+00:00 [queued]>
[2022-06-03 16:21:27,283] {taskinstance.py:1160} INFO - Dependencies all met for <TaskInstance: nyc_bus_breakdown_pipeline.create_table manual__2022-06-03T16:21:16.955922+00:00 [queued]>
[2022-06-03 16:21:27,283] {taskinstance.py:1357} INFO - 
--------------------------------------------------------------------------------
[2022-06-03 16:21:27,286] {taskinstance.py:1358} INFO - Starting attempt 2 of 2
[2022-06-03 16:21:27,286] {taskinstance.py:1359} INFO - 
--------------------------------------------------------------------------------
[2022-06-03 16:21:27,306] {taskinstance.py:1378} INFO - Executing <Task(MsSqlOperator): create_table> on 2022-06-03 16:21:16.955922+00:00
[2022-06-03 16:21:27,314] {standard_task_runner.py:52} INFO - Started process 177 to run task
[2022-06-03 16:21:27,320] {standard_task_runner.py:79} INFO - Running: ['***', 'tasks', 'run', 'nyc_bus_breakdown_pipeline', 'create_table', 'manual__2022-06-03T16:21:16.955922+00:00', '--job-id', '136', '--raw', '--subdir', 'DAGS_FOLDER/nycbus_etl.py', '--cfg-path', '/tmp/tmpdfcg017f', '--error-file', '/tmp/tmpsckv28k4']
[2022-06-03 16:21:27,323] {standard_task_runner.py:80} INFO - Job 136: Subtask create_table
[2022-06-03 16:21:27,410] {task_command.py:370} INFO - Running <TaskInstance: nyc_bus_breakdown_pipeline.create_table manual__2022-06-03T16:21:16.955922+00:00 [running]> on host 6cc5764fb927
[2022-06-03 16:21:27,779] {taskinstance.py:1572} INFO - Exporting the following env vars:
AIRFLOW_CTX_DAG_EMAIL=***@example.com
AIRFLOW_CTX_DAG_OWNER=***
AIRFLOW_CTX_DAG_ID=nyc_bus_breakdown_pipeline
AIRFLOW_CTX_TASK_ID=create_table
AIRFLOW_CTX_EXECUTION_DATE=2022-06-03T16:21:16.955922+00:00
AIRFLOW_CTX_TRY_NUMBER=2
AIRFLOW_CTX_DAG_RUN_ID=manual__2022-06-03T16:21:16.955922+00:00
[2022-06-03 16:21:27,781] {mssql.py:92} INFO - Executing: CREATE TABLE testdb.dbo.pet (name VARCHAR(20), owner VARCHAR(20));
[2022-06-03 16:21:27,812] {taskinstance.py:1890} ERROR - Task failed with exception
Traceback (most recent call last):
  File "/home/airflow/.local/lib/python3.7/site-packages/airflow/providers/microsoft/mssql/operators/mssql.py", line 93, in execute
    hook = self.get_hook()
  File "/home/airflow/.local/lib/python3.7/site-packages/airflow/providers/microsoft/mssql/operators/mssql.py", line 83, in get_hook
    conn = MsSqlHook.get_connection(conn_id=self.mssql_conn_id)
  File "/home/airflow/.local/lib/python3.7/site-packages/airflow/hooks/base.py", line 67, in get_connection
    conn = Connection.get_connection_from_secrets(conn_id)
  File "/home/airflow/.local/lib/python3.7/site-packages/airflow/models/connection.py", line 430, in get_connection_from_secrets
    raise AirflowNotFoundException(f"The conn_id `{conn_id}` isn't defined")
airflow.exceptions.AirflowNotFoundException: The conn_id `mssql_default` isn't defined
[2022-06-03 16:21:27,816] {taskinstance.py:1401} INFO - Marking task as FAILED. dag_id=nyc_bus_breakdown_pipeline, task_id=create_table, execution_date=20220603T162116, start_date=20220603T162127, end_date=20220603T162127
[2022-06-03 16:21:27,833] {standard_task_runner.py:97} ERROR - Failed to execute job 136 for task create_table (The conn_id `mssql_default` isn't defined; 177)
[2022-06-03 16:21:27,854] {local_task_job.py:156} INFO - Task exited with return code 1
[2022-06-03 16:21:27,899] {local_task_job.py:273} INFO - 0 downstream tasks scheduled from follow-on schedule check
