[2022-06-03 18:25:50,077] {taskinstance.py:1160} INFO - Dependencies all met for <TaskInstance: nyc_bus_breakdown_pipeline.processing_data manual__2022-06-03T18:25:44.663491+00:00 [queued]>
[2022-06-03 18:25:50,087] {taskinstance.py:1160} INFO - Dependencies all met for <TaskInstance: nyc_bus_breakdown_pipeline.processing_data manual__2022-06-03T18:25:44.663491+00:00 [queued]>
[2022-06-03 18:25:50,087] {taskinstance.py:1357} INFO - 
--------------------------------------------------------------------------------
[2022-06-03 18:25:50,088] {taskinstance.py:1358} INFO - Starting attempt 1 of 2
[2022-06-03 18:25:50,088] {taskinstance.py:1359} INFO - 
--------------------------------------------------------------------------------
[2022-06-03 18:25:50,103] {taskinstance.py:1378} INFO - Executing <Task(PythonOperator): processing_data> on 2022-06-03 18:25:44.663491+00:00
[2022-06-03 18:25:50,109] {standard_task_runner.py:52} INFO - Started process 3645 to run task
[2022-06-03 18:25:50,114] {standard_task_runner.py:79} INFO - Running: ['***', 'tasks', 'run', 'nyc_bus_breakdown_pipeline', 'processing_data', 'manual__2022-06-03T18:25:44.663491+00:00', '--job-id', '170', '--raw', '--subdir', 'DAGS_FOLDER/nycbus_etl.py', '--cfg-path', '/tmp/tmpi7dn8gjd', '--error-file', '/tmp/tmpdnb8ajxd']
[2022-06-03 18:25:50,115] {standard_task_runner.py:80} INFO - Job 170: Subtask processing_data
[2022-06-03 18:25:50,180] {task_command.py:370} INFO - Running <TaskInstance: nyc_bus_breakdown_pipeline.processing_data manual__2022-06-03T18:25:44.663491+00:00 [running]> on host 9212bd95e1cf
[2022-06-03 18:25:50,471] {taskinstance.py:1572} INFO - Exporting the following env vars:
AIRFLOW_CTX_DAG_EMAIL=criscodesnyc@gmail.com
AIRFLOW_CTX_DAG_OWNER=***
AIRFLOW_CTX_DAG_ID=nyc_bus_breakdown_pipeline
AIRFLOW_CTX_TASK_ID=processing_data
AIRFLOW_CTX_EXECUTION_DATE=2022-06-03T18:25:44.663491+00:00
AIRFLOW_CTX_TRY_NUMBER=1
AIRFLOW_CTX_DAG_RUN_ID=manual__2022-06-03T18:25:44.663491+00:00
[2022-06-03 18:25:51,904] {base.py:68} INFO - Using connection ID 's3_conn' for task execution.
[2022-06-03 18:25:51,906] {base_aws.py:210} INFO - Credentials retrieved from extra_config
[2022-06-03 18:25:53,494] {python.py:173} INFO - Done. Returned value was: None
[2022-06-03 18:25:53,514] {taskinstance.py:1401} INFO - Marking task as SUCCESS. dag_id=nyc_bus_breakdown_pipeline, task_id=processing_data, execution_date=20220603T182544, start_date=20220603T182550, end_date=20220603T182553
[2022-06-03 18:25:53,544] {local_task_job.py:156} INFO - Task exited with return code 0
[2022-06-03 18:25:53,578] {local_task_job.py:273} INFO - 0 downstream tasks scheduled from follow-on schedule check
