[2022-06-03 20:13:40,045] {taskinstance.py:1160} INFO - Dependencies all met for <TaskInstance: nyc_bus_breakdown_pipeline.processing_data manual__2022-06-03T20:13:31.227498+00:00 [queued]>
[2022-06-03 20:13:40,061] {taskinstance.py:1160} INFO - Dependencies all met for <TaskInstance: nyc_bus_breakdown_pipeline.processing_data manual__2022-06-03T20:13:31.227498+00:00 [queued]>
[2022-06-03 20:13:40,062] {taskinstance.py:1357} INFO - 
--------------------------------------------------------------------------------
[2022-06-03 20:13:40,063] {taskinstance.py:1358} INFO - Starting attempt 1 of 2
[2022-06-03 20:13:40,064] {taskinstance.py:1359} INFO - 
--------------------------------------------------------------------------------
[2022-06-03 20:13:40,086] {taskinstance.py:1378} INFO - Executing <Task(PythonOperator): processing_data> on 2022-06-03 20:13:31.227498+00:00
[2022-06-03 20:13:40,091] {standard_task_runner.py:52} INFO - Started process 151 to run task
[2022-06-03 20:13:40,097] {standard_task_runner.py:79} INFO - Running: ['***', 'tasks', 'run', 'nyc_bus_breakdown_pipeline', 'processing_data', 'manual__2022-06-03T20:13:31.227498+00:00', '--job-id', '379', '--raw', '--subdir', 'DAGS_FOLDER/nycbus_etl.py', '--cfg-path', '/tmp/tmpfepavhdi', '--error-file', '/tmp/tmpd22jrbfv']
[2022-06-03 20:13:40,098] {standard_task_runner.py:80} INFO - Job 379: Subtask processing_data
[2022-06-03 20:13:40,183] {task_command.py:370} INFO - Running <TaskInstance: nyc_bus_breakdown_pipeline.processing_data manual__2022-06-03T20:13:31.227498+00:00 [running]> on host 2520c8c9a6d9
[2022-06-03 20:13:40,439] {taskinstance.py:1572} INFO - Exporting the following env vars:
AIRFLOW_CTX_DAG_EMAIL=***@example.com
AIRFLOW_CTX_DAG_OWNER=***
AIRFLOW_CTX_DAG_ID=nyc_bus_breakdown_pipeline
AIRFLOW_CTX_TASK_ID=processing_data
AIRFLOW_CTX_EXECUTION_DATE=2022-06-03T20:13:31.227498+00:00
AIRFLOW_CTX_TRY_NUMBER=1
AIRFLOW_CTX_DAG_RUN_ID=manual__2022-06-03T20:13:31.227498+00:00
[2022-06-03 20:13:41,444] {base.py:68} INFO - Using connection ID 's3_conn' for task execution.
[2022-06-03 20:13:41,446] {base_aws.py:210} INFO - Credentials retrieved from extra_config
[2022-06-03 20:13:43,117] {python.py:173} INFO - Done. Returned value was: None
[2022-06-03 20:13:43,137] {taskinstance.py:1401} INFO - Marking task as SUCCESS. dag_id=nyc_bus_breakdown_pipeline, task_id=processing_data, execution_date=20220603T201331, start_date=20220603T201340, end_date=20220603T201343
[2022-06-03 20:13:43,199] {local_task_job.py:156} INFO - Task exited with return code 0
[2022-06-03 20:13:43,244] {local_task_job.py:273} INFO - 0 downstream tasks scheduled from follow-on schedule check
