[2022-06-02 23:28:55,048] {taskinstance.py:1160} INFO - Dependencies all met for <TaskInstance: nyc_bus_breakdown_pipeline.processing_data manual__2022-06-02T23:28:50.485348+00:00 [queued]>
[2022-06-02 23:28:55,060] {taskinstance.py:1160} INFO - Dependencies all met for <TaskInstance: nyc_bus_breakdown_pipeline.processing_data manual__2022-06-02T23:28:50.485348+00:00 [queued]>
[2022-06-02 23:28:55,060] {taskinstance.py:1357} INFO - 
--------------------------------------------------------------------------------
[2022-06-02 23:28:55,061] {taskinstance.py:1358} INFO - Starting attempt 1 of 2
[2022-06-02 23:28:55,062] {taskinstance.py:1359} INFO - 
--------------------------------------------------------------------------------
[2022-06-02 23:28:55,077] {taskinstance.py:1378} INFO - Executing <Task(PythonOperator): processing_data> on 2022-06-02 23:28:50.485348+00:00
[2022-06-02 23:28:55,082] {standard_task_runner.py:52} INFO - Started process 1324 to run task
[2022-06-02 23:28:55,085] {standard_task_runner.py:79} INFO - Running: ['***', 'tasks', 'run', 'nyc_bus_breakdown_pipeline', 'processing_data', 'manual__2022-06-02T23:28:50.485348+00:00', '--job-id', '108', '--raw', '--subdir', 'DAGS_FOLDER/nycbus_etl.py', '--cfg-path', '/tmp/tmp7vrlsfyk', '--error-file', '/tmp/tmp97lbe8yh']
[2022-06-02 23:28:55,086] {standard_task_runner.py:80} INFO - Job 108: Subtask processing_data
[2022-06-02 23:28:55,147] {task_command.py:370} INFO - Running <TaskInstance: nyc_bus_breakdown_pipeline.processing_data manual__2022-06-02T23:28:50.485348+00:00 [running]> on host 8e84f5cf889f
[2022-06-02 23:28:55,225] {taskinstance.py:1572} INFO - Exporting the following env vars:
AIRFLOW_CTX_DAG_EMAIL=***@example.com
AIRFLOW_CTX_DAG_OWNER=***
AIRFLOW_CTX_DAG_ID=nyc_bus_breakdown_pipeline
AIRFLOW_CTX_TASK_ID=processing_data
AIRFLOW_CTX_EXECUTION_DATE=2022-06-02T23:28:50.485348+00:00
AIRFLOW_CTX_TRY_NUMBER=1
AIRFLOW_CTX_DAG_RUN_ID=manual__2022-06-02T23:28:50.485348+00:00
[2022-06-02 23:28:56,095] {base.py:68} INFO - Using connection ID 's3_conn' for task execution.
[2022-06-02 23:28:56,096] {base_aws.py:210} INFO - Credentials retrieved from extra_config
[2022-06-02 23:28:57,636] {python.py:173} INFO - Done. Returned value was: None
[2022-06-02 23:28:57,650] {taskinstance.py:1401} INFO - Marking task as SUCCESS. dag_id=nyc_bus_breakdown_pipeline, task_id=processing_data, execution_date=20220602T232850, start_date=20220602T232855, end_date=20220602T232857
[2022-06-02 23:28:57,707] {local_task_job.py:156} INFO - Task exited with return code 0
[2022-06-02 23:28:57,741] {local_task_job.py:273} INFO - 0 downstream tasks scheduled from follow-on schedule check
