[2022-06-03 18:48:36,839] {taskinstance.py:1160} INFO - Dependencies all met for <TaskInstance: nyc_bus_breakdown_pipeline.processing_data manual__2022-06-03T18:48:29.446947+00:00 [queued]>
[2022-06-03 18:48:36,848] {taskinstance.py:1160} INFO - Dependencies all met for <TaskInstance: nyc_bus_breakdown_pipeline.processing_data manual__2022-06-03T18:48:29.446947+00:00 [queued]>
[2022-06-03 18:48:36,849] {taskinstance.py:1357} INFO - 
--------------------------------------------------------------------------------
[2022-06-03 18:48:36,849] {taskinstance.py:1358} INFO - Starting attempt 1 of 2
[2022-06-03 18:48:36,850] {taskinstance.py:1359} INFO - 
--------------------------------------------------------------------------------
[2022-06-03 18:48:36,863] {taskinstance.py:1378} INFO - Executing <Task(PythonOperator): processing_data> on 2022-06-03 18:48:29.446947+00:00
[2022-06-03 18:48:36,869] {standard_task_runner.py:52} INFO - Started process 156 to run task
[2022-06-03 18:48:36,872] {standard_task_runner.py:79} INFO - Running: ['***', 'tasks', 'run', 'nyc_bus_breakdown_pipeline', 'processing_data', 'manual__2022-06-03T18:48:29.446947+00:00', '--job-id', '306', '--raw', '--subdir', 'DAGS_FOLDER/nycbus_etl.py', '--cfg-path', '/tmp/tmpg2ywg8ck', '--error-file', '/tmp/tmphwp8n0e6']
[2022-06-03 18:48:36,873] {standard_task_runner.py:80} INFO - Job 306: Subtask processing_data
[2022-06-03 18:48:36,933] {task_command.py:370} INFO - Running <TaskInstance: nyc_bus_breakdown_pipeline.processing_data manual__2022-06-03T18:48:29.446947+00:00 [running]> on host 9386241ecd4e
[2022-06-03 18:48:37,169] {taskinstance.py:1572} INFO - Exporting the following env vars:
AIRFLOW_CTX_DAG_EMAIL=***@example.com
AIRFLOW_CTX_DAG_OWNER=***
AIRFLOW_CTX_DAG_ID=nyc_bus_breakdown_pipeline
AIRFLOW_CTX_TASK_ID=processing_data
AIRFLOW_CTX_EXECUTION_DATE=2022-06-03T18:48:29.446947+00:00
AIRFLOW_CTX_TRY_NUMBER=1
AIRFLOW_CTX_DAG_RUN_ID=manual__2022-06-03T18:48:29.446947+00:00
[2022-06-03 18:48:38,351] {base.py:68} INFO - Using connection ID 's3_conn' for task execution.
[2022-06-03 18:48:38,353] {base_aws.py:210} INFO - Credentials retrieved from extra_config
[2022-06-03 18:48:40,307] {python.py:173} INFO - Done. Returned value was: None
[2022-06-03 18:48:40,325] {taskinstance.py:1401} INFO - Marking task as SUCCESS. dag_id=nyc_bus_breakdown_pipeline, task_id=processing_data, execution_date=20220603T184829, start_date=20220603T184836, end_date=20220603T184840
[2022-06-03 18:48:40,386] {local_task_job.py:156} INFO - Task exited with return code 0
[2022-06-03 18:48:40,423] {local_task_job.py:273} INFO - 0 downstream tasks scheduled from follow-on schedule check
