[2022-06-03 18:03:45,565] {taskinstance.py:1160} INFO - Dependencies all met for <TaskInstance: nyc_bus_breakdown_pipeline.processing_data scheduled__2022-05-27T18:03:38.669152+00:00 [queued]>
[2022-06-03 18:03:45,574] {taskinstance.py:1160} INFO - Dependencies all met for <TaskInstance: nyc_bus_breakdown_pipeline.processing_data scheduled__2022-05-27T18:03:38.669152+00:00 [queued]>
[2022-06-03 18:03:45,575] {taskinstance.py:1357} INFO - 
--------------------------------------------------------------------------------
[2022-06-03 18:03:45,576] {taskinstance.py:1358} INFO - Starting attempt 1 of 2
[2022-06-03 18:03:45,576] {taskinstance.py:1359} INFO - 
--------------------------------------------------------------------------------
[2022-06-03 18:03:45,592] {taskinstance.py:1378} INFO - Executing <Task(PythonOperator): processing_data> on 2022-05-27 18:03:38.669152+00:00
[2022-06-03 18:03:45,597] {standard_task_runner.py:52} INFO - Started process 2444 to run task
[2022-06-03 18:03:45,600] {standard_task_runner.py:79} INFO - Running: ['***', 'tasks', 'run', 'nyc_bus_breakdown_pipeline', 'processing_data', 'scheduled__2022-05-27T18:03:38.669152+00:00', '--job-id', '158', '--raw', '--subdir', 'DAGS_FOLDER/nycbus_etl.py', '--cfg-path', '/tmp/tmpi3pr0o_r', '--error-file', '/tmp/tmpf3m3q7eu']
[2022-06-03 18:03:45,601] {standard_task_runner.py:80} INFO - Job 158: Subtask processing_data
[2022-06-03 18:03:45,666] {task_command.py:370} INFO - Running <TaskInstance: nyc_bus_breakdown_pipeline.processing_data scheduled__2022-05-27T18:03:38.669152+00:00 [running]> on host 9212bd95e1cf
[2022-06-03 18:03:45,909] {taskinstance.py:1572} INFO - Exporting the following env vars:
AIRFLOW_CTX_DAG_EMAIL=***@example.com
AIRFLOW_CTX_DAG_OWNER=***
AIRFLOW_CTX_DAG_ID=nyc_bus_breakdown_pipeline
AIRFLOW_CTX_TASK_ID=processing_data
AIRFLOW_CTX_EXECUTION_DATE=2022-05-27T18:03:38.669152+00:00
AIRFLOW_CTX_TRY_NUMBER=1
AIRFLOW_CTX_DAG_RUN_ID=scheduled__2022-05-27T18:03:38.669152+00:00
[2022-06-03 18:03:46,818] {base.py:68} INFO - Using connection ID 's3_conn' for task execution.
[2022-06-03 18:03:46,819] {base_aws.py:210} INFO - Credentials retrieved from extra_config
[2022-06-03 18:03:48,640] {python.py:173} INFO - Done. Returned value was: None
[2022-06-03 18:03:48,653] {taskinstance.py:1401} INFO - Marking task as SUCCESS. dag_id=nyc_bus_breakdown_pipeline, task_id=processing_data, execution_date=20220527T180338, start_date=20220603T180345, end_date=20220603T180348
[2022-06-03 18:03:48,706] {local_task_job.py:156} INFO - Task exited with return code 0
[2022-06-03 18:03:48,752] {local_task_job.py:273} INFO - 0 downstream tasks scheduled from follow-on schedule check
