[2022-06-03 17:37:19,383] {taskinstance.py:1160} INFO - Dependencies all met for <TaskInstance: nyc_bus_breakdown_pipeline.processing_data scheduled__2022-05-27T17:37:13.376465+00:00 [queued]>
[2022-06-03 17:37:19,400] {taskinstance.py:1160} INFO - Dependencies all met for <TaskInstance: nyc_bus_breakdown_pipeline.processing_data scheduled__2022-05-27T17:37:13.376465+00:00 [queued]>
[2022-06-03 17:37:19,401] {taskinstance.py:1357} INFO - 
--------------------------------------------------------------------------------
[2022-06-03 17:37:19,402] {taskinstance.py:1358} INFO - Starting attempt 1 of 2
[2022-06-03 17:37:19,403] {taskinstance.py:1359} INFO - 
--------------------------------------------------------------------------------
[2022-06-03 17:37:19,422] {taskinstance.py:1378} INFO - Executing <Task(PythonOperator): processing_data> on 2022-05-27 17:37:13.376465+00:00
[2022-06-03 17:37:19,428] {standard_task_runner.py:52} INFO - Started process 1108 to run task
[2022-06-03 17:37:19,434] {standard_task_runner.py:79} INFO - Running: ['***', 'tasks', 'run', 'nyc_bus_breakdown_pipeline', 'processing_data', 'scheduled__2022-05-27T17:37:13.376465+00:00', '--job-id', '154', '--raw', '--subdir', 'DAGS_FOLDER/nycbus_etl.py', '--cfg-path', '/tmp/tmp7v6kobdu', '--error-file', '/tmp/tmp0adihbyo']
[2022-06-03 17:37:19,435] {standard_task_runner.py:80} INFO - Job 154: Subtask processing_data
[2022-06-03 17:37:19,505] {task_command.py:370} INFO - Running <TaskInstance: nyc_bus_breakdown_pipeline.processing_data scheduled__2022-05-27T17:37:13.376465+00:00 [running]> on host 9212bd95e1cf
[2022-06-03 17:37:19,787] {taskinstance.py:1572} INFO - Exporting the following env vars:
AIRFLOW_CTX_DAG_EMAIL=***@example.com
AIRFLOW_CTX_DAG_OWNER=***
AIRFLOW_CTX_DAG_ID=nyc_bus_breakdown_pipeline
AIRFLOW_CTX_TASK_ID=processing_data
AIRFLOW_CTX_EXECUTION_DATE=2022-05-27T17:37:13.376465+00:00
AIRFLOW_CTX_TRY_NUMBER=1
AIRFLOW_CTX_DAG_RUN_ID=scheduled__2022-05-27T17:37:13.376465+00:00
[2022-06-03 17:37:20,894] {base.py:68} INFO - Using connection ID 's3_conn' for task execution.
[2022-06-03 17:37:20,897] {base_aws.py:210} INFO - Credentials retrieved from extra_config
[2022-06-03 17:37:22,676] {python.py:173} INFO - Done. Returned value was: None
[2022-06-03 17:37:22,700] {taskinstance.py:1401} INFO - Marking task as SUCCESS. dag_id=nyc_bus_breakdown_pipeline, task_id=processing_data, execution_date=20220527T173713, start_date=20220603T173719, end_date=20220603T173722
[2022-06-03 17:37:22,744] {local_task_job.py:156} INFO - Task exited with return code 0
[2022-06-03 17:37:22,800] {local_task_job.py:273} INFO - 1 downstream tasks scheduled from follow-on schedule check
